<?xml version="1.0" encoding="UTF-8"?>
<!-- Generated by org.testng.reporters.JUnitReportReporter -->
<testsuite hostname="DESKTOP-VASVEV7" failures="0" tests="1" name="scenarios.logininvalid" time="7.259" errors="0" timestamp="2021-07-15T22:30:35 IST" skipped="0">
  <testcase classname="scenarios.logininvalid" name="invalid" time="7.259"/>
  <system-out/>
</testsuite> <!-- scenarios.logininvalid -->
