<?xml version="1.0" encoding="UTF-8"?>
<!-- Generated by org.testng.reporters.JUnitReportReporter -->
<testsuite hostname="DESKTOP-VASVEV7" failures="0" tests="1" name="scenarios.logout" time="9.139" errors="0" timestamp="2021-07-15T22:58:34 IST" skipped="0">
  <testcase classname="scenarios.logout" name="out" time="9.139"/>
  <system-out/>
</testsuite> <!-- scenarios.logout -->
