<?xml version="1.0" encoding="UTF-8"?>
<!-- Generated by org.testng.reporters.JUnitReportReporter -->
<testsuite hostname="DESKTOP-VASVEV7" failures="0" tests="1" name="scenarios.logintest" time="15.699" errors="0" timestamp="2021-07-15T22:42:31 IST" skipped="0">
  <testcase classname="scenarios.logintest" name="loginvalidcredentials" time="15.699"/>
  <system-out/>
</testsuite> <!-- scenarios.logintest -->
