<?xml version="1.0" encoding="UTF-8"?>
<!-- Generated by org.testng.reporters.JUnitReportReporter -->
<testsuite hostname="DESKTOP-VASVEV7" failures="0" tests="2" name="Insurancetests.InsuranceTests" time="7.836" errors="0" timestamp="2021-07-15T21:21:22 IST" skipped="1">
  <testcase classname="Insurancetests.InsuranceTests" name="requestquotation" time="7.836"/>
  <system-out/>
  <testcase classname="Insurancetests.InsuranceTests" name="loginvalidcredentials">
    <skipped/>
  </testcase> <!-- loginvalidcredentials -->
  <system-out/>
</testsuite> <!-- Insurancetests.InsuranceTests -->
