<?xml version="1.0" encoding="UTF-8"?>
<!-- Generated by org.testng.reporters.JUnitReportReporter -->
<testsuite hostname="DESKTOP-VASVEV7" failures="0" tests="1" name="scenarios.homepage" time="28.753" errors="0" timestamp="2021-07-15T22:44:06 IST" skipped="0">
  <testcase classname="scenarios.homepage" name="requestquotation" time="28.753"/>
  <system-out/>
</testsuite> <!-- scenarios.homepage -->
